#
# A fatal error has been detected by the Java Runtime Environment:
#
#  Internal Error (os_windows_x86.cpp:114), pid=5096, tid=3056
#  Error: guarantee(result == -1,"Unexpected result from topLevelExceptionFilter")
#
# JRE version: 6.0_17-b04
# Java VM: Java HotSpot(TM) 64-Bit Server VM (14.3-b01 mixed mode windows-amd64 )
# If you would like to submit a bug report, please visit:
#   http://java.sun.com/webapps/bugreport/crash.jsp
# The crash happened outside the Java Virtual Machine in native code.
# See problematic frame for where to report the bug.
#

---------------  T H R E A D  ---------------

Current thread (0x000000000745e000):  JavaThread "main" [_thread_in_native, id=3056, stack(0x0000000000260000,0x0000000004260000)]

Stack: [0x0000000000260000,0x0000000004260000]
[error occurred during error reporting (printing stack bounds), id 0xc0000005]

Java frames: (J=compiled Java code, j=interpreted, Vv=VM code)
j  com.mathworks.jmi.NativeMatlab.ProcessPendingEvents()Z+0
j  com.mathworks.jmi.NativeMatlab.processPendingEvents()Z+8
j  com.mathworks.jmi.Matlab$ProcessPendingEvents.callBooleanMethod(Ljava/lang/Object;)Z+0
j  com.mathworks.util.FactoryUtils.processPendingEvents()Z+12
j  com.mathworks.mde.desk.MLDesktop.canClose()Z+84
j  com.mathworks.mde.desk.MLDesktop$2.call()Ljava/lang/Boolean;+4
j  com.mathworks.mde.desk.MLDesktop$2.call()Ljava/lang/Object;+1
j  com.mathworks.jmi.Matlab.isOkToExit()Z+54
v  ~StubRoutines::call_stub
j  com.mathworks.jmi.NativeMatlab.SendMatlabMessage(Ljava/lang/Object;)Ljava/lang/Object;+0
j  com.mathworks.jmi.NativeMatlab.sendMatlabMessage(Ljava/lang/Object;)Ljava/lang/Object;+22
j  com.mathworks.jmi.MatlabLooper.sendMatlabMessage(Lcom/mathworks/services/message/MWMessage;)Ljava/lang/Object;+20
j  com.mathworks.jmi.Matlab.mtFevalConsoleOutput(Ljava/lang/String;[Ljava/lang/Object;I)Ljava/lang/Object;+58
j  com.mathworks.mde.desk.MLDesktop$9.run()V+14
j  com.mathworks.jmi.NativeMatlab.dispatchMTRequests(Z)V+57
v  ~StubRoutines::call_stub

---------------  P R O C E S S  ---------------

Java Threads: ( => current thread )
  0x000000000f888000 JavaThread "Image Fetcher 0" daemon [_thread_blocked, id=6932, stack(0x0000000008240000,0x00000000082c0000)]
  0x000000000f889800 JavaThread "FileDecorationCache request queue" [_thread_blocked, id=6736, stack(0x00000000082c0000,0x0000000008340000)]
  0x000000000f882000 JavaThread "Prefs Updater" daemon [_thread_blocked, id=6812, stack(0x0000000007bc0000,0x0000000007c40000)]
  0x000000000ee3d000 JavaThread "Active Reference Queue Daemon" daemon [_thread_blocked, id=2952, stack(0x00000000728c0000,0x0000000072940000)]
  0x000000000ee3a000 JavaThread "Timer-9" daemon [_thread_blocked, id=5548, stack(0x0000000072840000,0x00000000728c0000)]
  0x000000000ee3b000 JavaThread "Timer-8" daemon [_thread_blocked, id=7036, stack(0x00000000727c0000,0x0000000072840000)]
  0x000000000ee3c800 JavaThread "Explorer NavigationContext request queue" [_thread_blocked, id=3724, stack(0x00000000726c0000,0x0000000072740000)]
  0x000000000ee37800 JavaThread "AddressBar directory emptiness poller" [_thread_blocked, id=5044, stack(0x0000000072540000,0x00000000725c0000)]
  0x000000000f0e2800 JavaThread "Timer-1" [_thread_blocked, id=740, stack(0x0000000072440000,0x00000000724c0000)]
  0x000000000f0e4800 JavaThread "TimerQueue" daemon [_thread_blocked, id=5012, stack(0x0000000061c90000,0x0000000061d10000)]
  0x000000000f0e3800 JavaThread "AWT-EventQueue-0" [_thread_in_vm, id=6860, stack(0x0000000060650000,0x00000000606d0000)]
  0x000000000f0e3000 JavaThread "AWT-Shutdown" [_thread_blocked, id=6432, stack(0x000000000fdf0000,0x000000000fe70000)]
  0x000000000dd28000 JavaThread "FelixPackageAdmin" daemon [_thread_blocked, id=820, stack(0x0000000060850000,0x00000000608d0000)]
  0x000000000e1fb000 JavaThread "FelixStartLevel" daemon [_thread_blocked, id=5656, stack(0x00000000607d0000,0x0000000060850000)]
  0x000000000dd1d000 JavaThread "FelixDispatchQueue" daemon [_thread_blocked, id=4964, stack(0x0000000060750000,0x00000000607d0000)]
  0x000000000ed59800 JavaThread "com.google.common.base.internal.Finalizer" daemon [_thread_blocked, id=4980, stack(0x000000000ff80000,0x0000000010000000)]
  0x000000000f090000 JavaThread "AWT-Windows" daemon [_thread_in_native, id=4484, stack(0x000000000fe70000,0x000000000fef0000)]
  0x000000000e18b000 JavaThread "Java2D Disposer" daemon [_thread_blocked, id=5500, stack(0x000000000fd70000,0x000000000fdf0000)]
  0x000000000e951000 JavaThread "Timer-0" [_thread_blocked, id=6172, stack(0x000000000f8b0000,0x000000000f930000)]
  0x000000000e8af000 JavaThread "EventMgr Dispatcher" daemon [_thread_in_native, id=196, stack(0x0000000010e50000,0x0000000014e50000)]
  0x000000000d985000 JavaThread "Low Memory Detector" daemon [_thread_blocked, id=4084, stack(0x000000000dc50000,0x000000000dcd0000)]
  0x000000000d983000 JavaThread "CompilerThread1" daemon [_thread_blocked, id=6892, stack(0x0000000065070000,0x0000000069070000)]
  0x000000000d982800 JavaThread "CompilerThread0" daemon [_thread_blocked, id=5380, stack(0x000000005c250000,0x0000000060250000)]
  0x000000000754c800 JavaThread "Attach Listener" daemon [_thread_blocked, id=4172, stack(0x000000000dbd0000,0x000000000dc50000)]
  0x000000000d954000 JavaThread "Finalizer" daemon [_thread_blocked, id=4720, stack(0x000000000db50000,0x000000000dbd0000)]
  0x0000000007537800 JavaThread "Reference Handler" daemon [_thread_blocked, id=6064, stack(0x000000000dad0000,0x000000000db50000)]
=>0x000000000745e000 JavaThread "main" [_thread_in_native, id=3056, stack(0x0000000000260000,0x0000000004260000)]

Other Threads:
  0x000000000d951800 VMThread [stack: 0x0000000058250000,0x000000005c250000] [id=7084]
  0x000000000d9a0000 WatcherThread [stack: 0x0000000069070000,0x000000006d070000] [id=6092]

VM state:not at safepoint (normal execution)

VM Mutex/Monitor currently owned by a thread: None

Heap
 PSYoungGen      total 17920K, used 5311K [0x0000000045150000, 0x0000000046900000, 0x0000000048250000)
  eden space 15040K, 16% used [0x0000000045150000,0x00000000453b55e8,0x0000000046000000)
  from space 2880K, 99% used [0x0000000046050000,0x000000004631a848,0x0000000046320000)
  to   space 4608K, 0% used [0x0000000046480000,0x0000000046480000,0x0000000046900000)
 PSOldGen        total 84480K, used 72646K [0x000000003be50000, 0x00000000410d0000, 0x0000000045150000)
  object space 84480K, 85% used [0x000000003be50000,0x00000000405418c0,0x00000000410d0000)
 PSPermGen       total 125952K, used 62829K [0x0000000033e50000, 0x000000003b950000, 0x000000003be50000)
  object space 125952K, 49% used [0x0000000033e50000,0x0000000037bab698,0x000000003b950000)

Dynamic libraries:
0x00007ff692320000 - 0x00007ff692352000 	C:\Program Files\MATLAB\R2012a\bin\win64\MATLAB.exe
0x00007ffc5cb20000 - 0x00007ffc5cccc000 	C:\windows\SYSTEM32\ntdll.dll
0x00007ffc5a490000 - 0x00007ffc5a5ca000 	C:\windows\system32\KERNEL32.DLL
0x00007ffc5a0c0000 - 0x00007ffc5a1cf000 	C:\windows\system32\KERNELBASE.dll
0x0000000074460000 - 0x0000000074554000 	C:\Program Files\MATLAB\R2012a\bin\win64\libut.dll
0x0000000073f70000 - 0x00000000740ad000 	C:\Program Files\MATLAB\R2012a\bin\win64\libmwfl.dll
0x000000007bed0000 - 0x000000007c183000 	C:\Program Files\MATLAB\R2012a\bin\win64\libmwservices.dll
0x0000000074970000 - 0x0000000074b06000 	C:\Program Files\MATLAB\R2012a\bin\win64\mcr.dll
0x00000000758a0000 - 0x0000000075952000 	C:\Program Files\MATLAB\R2012a\bin\win64\libmwi18n.dll
0x0000000064f90000 - 0x0000000065063000 	C:\windows\WinSxS\amd64_microsoft.vc90.crt_1fc8b3b9a1e18e3b_9.0.30729.8387_none_08e793bfa83a89b5\MSVCP90.dll
0x0000000064ee0000 - 0x0000000064f83000 	C:\windows\WinSxS\amd64_microsoft.vc90.crt_1fc8b3b9a1e18e3b_9.0.30729.8387_none_08e793bfa83a89b5\MSVCR90.dll
0x000000007a560000 - 0x000000007a569000 	C:\Program Files\MATLAB\R2012a\bin\win64\boost_system-vc90-mt-1_44.dll
0x000000007a2d0000 - 0x000000007a2e2000 	C:\Program Files\MATLAB\R2012a\bin\win64\boost_thread-vc90-mt-1_44.dll
0x0000000064d60000 - 0x0000000064ed1000 	C:\Program Files\MATLAB\R2012a\bin\win64\icuuc44.dll
0x0000000064d40000 - 0x0000000064d53000 	C:\Program Files\MATLAB\R2012a\bin\win64\icuio44.dll
0x0000000180000000 - 0x0000000180046000 	C:\Program Files\MATLAB\R2012a\bin\win64\tbb.dll
0x00007ffc5aa30000 - 0x00007ffc5aa37000 	C:\windows\system32\PSAPI.DLL
0x00007ffc4cce0000 - 0x00007ffc4ce68000 	C:\windows\SYSTEM32\dbghelp.dll
0x00007ffc5ab00000 - 0x00007ffc5aba5000 	C:\windows\system32\ADVAPI32.dll
0x00007ffc5a270000 - 0x00007ffc5a3e1000 	C:\windows\system32\USER32.dll
0x0000000004340000 - 0x000000000434b000 	C:\Program Files\MATLAB\R2012a\bin\win64\libmwresource_core.dll
0x0000000004530000 - 0x0000000004826000 	C:\Program Files\MATLAB\R2012a\bin\win64\libmwMATLAB_res.dll
0x000000007a3b0000 - 0x000000007a3c0000 	C:\Program Files\MATLAB\R2012a\bin\win64\boost_date_time-vc90-mt-1_44.dll
0x000000007a170000 - 0x000000007a19c000 	C:\Program Files\MATLAB\R2012a\bin\win64\boost_filesystem-vc90-mt-1_44.dll
0x000000007a250000 - 0x000000007a263000 	C:\Program Files\MATLAB\R2012a\bin\win64\boost_signals-vc90-mt-1_44.dll
0x00007ffc5a820000 - 0x00007ffc5a835000 	C:\windows\system32\imagehlp.dll
0x0000000075a20000 - 0x0000000075ae2000 	C:\Program Files\MATLAB\R2012a\bin\win64\libmx.dll
0x0000000004360000 - 0x0000000004381000 	C:\Program Files\MATLAB\R2012a\bin\win64\libmwmfl_scalar.dll
0x0000000075f10000 - 0x0000000075f5d000 	C:\Program Files\MATLAB\R2012a\bin\win64\mpath.dll
0x000000007b680000 - 0x000000007bbe1000 	C:\Program Files\MATLAB\R2012a\bin\win64\mlutil.dll
0x0000000004390000 - 0x00000000043aa000 	C:\Program Files\MATLAB\R2012a\bin\win64\libmwMATLAB_settings_res.dll
0x00000000043b0000 - 0x00000000043f7000 	C:\Program Files\MATLAB\R2012a\bin\win64\boost_serialization-vc90-mt-1_44.dll
0x00007ffc59e30000 - 0x00007ffc59ed1000 	C:\windows\WinSxS\amd64_microsoft.windows.common-controls_6595b64144ccf1df_5.82.9600.16384_none_34a8918f959016ea\COMCTL32.dll
0x00007ffc5abc0000 - 0x00007ffc5ac5a000 	C:\windows\system32\COMDLG32.dll
0x00007ffc554d0000 - 0x00007ffc554e5000 	C:\windows\SYSTEM32\NETAPI32.dll
0x00007ffc5a3f0000 - 0x00007ffc5a448000 	C:\windows\system32\WS2_32.dll
0x00007ffc5ad20000 - 0x00007ffc5c238000 	C:\windows\system32\SHELL32.dll
0x00007ffc5a5d0000 - 0x00007ffc5a748000 	C:\windows\system32\ole32.dll
0x00007ffc5a750000 - 0x00007ffc5a811000 	C:\windows\system32\OLEAUT32.dll
0x0000000075000000 - 0x000000007536b000 	C:\Program Files\MATLAB\R2012a\bin\win64\iqm.dll
0x0000000079fb0000 - 0x0000000079fe7000 	C:\Program Files\MATLAB\R2012a\bin\win64\libmwbridge.dll
0x0000000064d10000 - 0x0000000064d35000 	C:\Program Files\MATLAB\R2012a\bin\win64\libmex.dll
0x0000000064c50000 - 0x0000000064d03000 	C:\Program Files\MATLAB\R2012a\bin\win64\m_dispatcher.dll
0x00000000649d0000 - 0x0000000064c49000 	C:\Program Files\MATLAB\R2012a\bin\win64\mcos.dll
0x0000000064870000 - 0x00000000649c2000 	C:\Program Files\MATLAB\R2012a\bin\win64\libmwgui.dll
0x0000000063ec0000 - 0x0000000064863000 	C:\Program Files\MATLAB\R2012a\bin\win64\hg.dll
0x0000000063dc0000 - 0x0000000063ebd000 	C:\Program Files\MATLAB\R2012a\bin\win64\hgutils.dll
0x0000000063590000 - 0x0000000063db1000 	C:\Program Files\MATLAB\R2012a\bin\win64\m_interpreter.dll
0x0000000075710000 - 0x00000000757c1000 	C:\Program Files\MATLAB\R2012a\bin\win64\jmi.dll
0x00000000634d0000 - 0x000000006358d000 	C:\Program Files\MATLAB\R2012a\bin\win64\udd_mi.dll
0x0000000004830000 - 0x0000000004afa000 	C:\Program Files\MATLAB\R2012a\bin\win64\uiw.dll
0x00000000634b0000 - 0x00000000634d0000 	C:\Program Files\MATLAB\R2012a\bin\win64\mwoles05.DLL
0x0000000063430000 - 0x00000000634ac000 	C:\Program Files\MATLAB\R2012a\bin\win64\comcli.dll
0x0000000063420000 - 0x000000006342c000 	C:\Program Files\MATLAB\R2012a\bin\win64\mlautoregister.dll
0x0000000004410000 - 0x0000000004420000 	C:\Program Files\MATLAB\R2012a\bin\win64\boost_iostreams-vc90-mt-1_44.dll
0x00007ffc5c9d0000 - 0x00007ffc5cb14000 	C:\windows\system32\GDI32.dll
0x000000007a010000 - 0x000000007a035000 	C:\Program Files\MATLAB\R2012a\bin\win64\LIBEXPAT.dll
0x0000000063220000 - 0x0000000063411000 	C:\Program Files\MATLAB\R2012a\bin\win64\icuin44.dll
0x0000000010000000 - 0x0000000010e41000 	C:\Program Files\MATLAB\R2012a\bin\win64\icudt44.dll
0x00007ffc5c6e0000 - 0x00007ffc5c787000 	C:\windows\system32\msvcrt.dll
0x00007ffc5c240000 - 0x00007ffc5c299000 	C:\windows\SYSTEM32\sechost.dll
0x00007ffc5c440000 - 0x00007ffc5c577000 	C:\windows\system32\RPCRT4.dll
0x000000007a210000 - 0x000000007a228000 	C:\Program Files\MATLAB\R2012a\bin\win64\zlib1.dll
0x00000000631a0000 - 0x000000006321f000 	C:\Program Files\MATLAB\R2012a\bin\win64\xmlcore.dll
0x000000007bc30000 - 0x000000007be83000 	C:\Program Files\MATLAB\R2012a\bin\win64\xerces-c_2_7.dll
0x00007ffc5c970000 - 0x00007ffc5c9c1000 	C:\windows\system32\SHLWAPI.dll
0x00007ffc591e0000 - 0x00007ffc591ec000 	C:\windows\SYSTEM32\netutils.dll
0x00007ffc59a30000 - 0x00007ffc59a55000 	C:\windows\SYSTEM32\srvcli.dll
0x00007ffc55490000 - 0x00007ffc554a6000 	C:\windows\SYSTEM32\wkscli.dll
0x00007ffc5aa40000 - 0x00007ffc5aa49000 	C:\windows\system32\NSI.dll
0x00007ffc5c790000 - 0x00007ffc5c966000 	C:\windows\SYSTEM32\combase.dll
0x00000000630d0000 - 0x0000000063198000 	C:\Program Files\MATLAB\R2012a\bin\win64\udd.dll
0x0000000074880000 - 0x000000007496d000 	C:\Program Files\MATLAB\R2012a\bin\win64\boost_regex-vc90-mt-1_44.dll
0x00000000630b0000 - 0x00000000630c7000 	C:\Program Files\MATLAB\R2012a\bin\win64\graphics_util.dll
0x0000000076100000 - 0x0000000076167000 	C:\Program Files\MATLAB\R2012a\bin\win64\libmat.dll
0x0000000063060000 - 0x00000000630a2000 	C:\Program Files\MATLAB\R2012a\bin\win64\libmwhardcopy.dll
0x0000000063000000 - 0x000000006305a000 	C:\Program Files\MATLAB\R2012a\bin\win64\libuij.dll
0x0000000062df0000 - 0x0000000062ffc000 	C:\Program Files\MATLAB\R2012a\bin\win64\hgdatatypes.dll
0x0000000062d60000 - 0x0000000062de6000 	C:\Program Files\MATLAB\R2012a\bin\win64\libmwlapack.dll
0x0000000004c70000 - 0x0000000004cab000 	C:\Program Files\MATLAB\R2012a\bin\win64\libmwgbtutils.dll
0x0000000004cb0000 - 0x0000000004cc9000 	C:\Program Files\MATLAB\R2012a\bin\win64\libmwgbt.dll
0x0000000062870000 - 0x0000000062d54000 	C:\windows\WinSxS\amd64_microsoft.vc90.mfc_1fc8b3b9a1e18e3b_9.0.30729.4148_none_04480933ab2137b1\mfc90.dll
0x00007ffc4d130000 - 0x00007ffc4d1ab000 	C:\windows\SYSTEM32\WINSPOOL.DRV
0x00000000627e0000 - 0x0000000062864000 	C:\Program Files\MATLAB\R2012a\bin\win64\profiler.dll
0x0000000004cf0000 - 0x0000000004f45000 	C:\Program Files\MATLAB\R2012a\bin\win64\libmwmathutil.dll
0x0000000079f40000 - 0x0000000079f6d000 	C:\Program Files\MATLAB\R2012a\bin\win64\libmwmathrng.dll
0x00000000627b0000 - 0x00000000627d1000 	C:\Program Files\MATLAB\R2012a\bin\win64\m_pcodeio.dll
0x0000000079b10000 - 0x0000000079b77000 	C:\Program Files\MATLAB\R2012a\bin\win64\m_ir.dll
0x0000000062160000 - 0x00000000627b0000 	C:\Program Files\MATLAB\R2012a\bin\win64\m_parser.dll
0x0000000062120000 - 0x0000000062151000 	C:\Program Files\MATLAB\R2012a\bin\win64\m_pcodegen.dll
0x0000000004f50000 - 0x0000000004fbb000 	C:\Program Files\MATLAB\R2012a\bin\win64\libmwspmatrix.dll
0x0000000004fd0000 - 0x0000000004fde000 	C:\Program Files\MATLAB\R2012a\bin\win64\nativejava_services.dll
0x0000000062110000 - 0x000000006211f000 	C:\Program Files\MATLAB\R2012a\bin\win64\uinone.dll
0x00007ffc50f10000 - 0x00007ffc50f2b000 	C:\windows\SYSTEM32\MPR.dll
0x00000000620e0000 - 0x000000006210f000 	C:\windows\WinSxS\amd64_microsoft.vc90.atl_1fc8b3b9a1e18e3b_9.0.30729.4148_none_0a1d2fcba76b3f00\ATL90.DLL
0x0000000072d30000 - 0x0000000072f44000 	C:\Program Files\MATLAB\R2012a\bin\win64\hdf5dll.dll
0x00000000620c0000 - 0x00000000620d2000 	C:\Program Files\MATLAB\R2012a\bin\win64\libmwbinder.dll
0x00000000620b0000 - 0x00000000620bb000 	C:\Program Files\MATLAB\R2012a\bin\win64\libmwompwrapper.dll
0x00007ffc510d0000 - 0x00007ffc510d7000 	C:\windows\SYSTEM32\MSIMG32.dll
0x0000000074c10000 - 0x0000000074ced000 	C:\Program Files\MATLAB\R2012a\bin\win64\libmwmathcore.dll
0x0000000062090000 - 0x00000000620aa000 	C:\Program Files\MATLAB\R2012a\bin\win64\ir_xfmr.dll
0x0000000062080000 - 0x000000006208c000 	C:\Program Files\MATLAB\R2012a\bin\win64\mtok.dll
0x00007ffc58120000 - 0x00007ffc581d2000 	C:\windows\SYSTEM32\SHCORE.DLL
0x0000000075ea0000 - 0x0000000075f02000 	C:\Program Files\MATLAB\R2012a\bin\win64\libmwcholmod.dll
0x000000007a460000 - 0x000000007a46d000 	C:\Program Files\MATLAB\R2012a\bin\win64\libmwamd.dll
0x000000007a4b0000 - 0x000000007a4bc000 	C:\Program Files\MATLAB\R2012a\bin\win64\libmwcolamd.dll
0x0000000062060000 - 0x0000000062079000 	C:\Program Files\MATLAB\R2012a\bin\win64\libmwblas.dll
0x00007ffc5a450000 - 0x00007ffc5a484000 	C:\windows\system32\IMM32.DLL
0x00007ffc5c580000 - 0x00007ffc5c6d2000 	C:\windows\system32\MSCTF.dll
0x00007ffc58a30000 - 0x00007ffc58b51000 	C:\windows\SYSTEM32\UxTheme.dll
0x00007ffc57f50000 - 0x00007ffc57f70000 	C:\windows\SYSTEM32\dwmapi.dll
0x0000000062050000 - 0x000000006205d000 	C:\windows\WinSxS\amd64_microsoft.vc90.mfcloc_1fc8b3b9a1e18e3b_9.0.30729.4148_none_01c6b44660ce74c3\MFC90ENU.DLL
0x0000000006e40000 - 0x0000000006e69000 	C:\Program Files\MATLAB\R2012a\bin\win64\tbbmalloc.dll
0x00007ffc518f0000 - 0x00007ffc51988000 	C:\Program Files\Common Files\microsoft shared\ink\tiptsf.dll
0x0000000078870000 - 0x0000000078ecd000 	C:\Program Files\MATLAB\R2012a\sys\java\jre\win64\jre\bin\server\jvm.dll
0x00007ffc50ee0000 - 0x00007ffc50eff000 	C:\windows\SYSTEM32\WINMM.dll
0x00007ffc4bed0000 - 0x00007ffc4befa000 	C:\windows\SYSTEM32\WINMMBASE.dll
0x00007ffc5a1d0000 - 0x00007ffc5a21a000 	C:\windows\SYSTEM32\cfgmgr32.dll
0x00007ffc58bb0000 - 0x00007ffc58bd6000 	C:\windows\SYSTEM32\DEVOBJ.dll
0x00007ffc59d60000 - 0x00007ffc59d74000 	C:\windows\SYSTEM32\profapi.dll
0x00007ffc54610000 - 0x00007ffc54639000 	C:\windows\SYSTEM32\iphlpapi.dll
0x00007ffc545e0000 - 0x00007ffc545ea000 	C:\windows\SYSTEM32\WINNSI.DLL
0x00007ffc59480000 - 0x00007ffc59523000 	C:\windows\SYSTEM32\DNSAPI.dll
0x00007ffc53e70000 - 0x00007ffc53e84000 	C:\windows\SYSTEM32\dhcpcsvc6.DLL
0x00007ffc542c0000 - 0x00007ffc542d9000 	C:\windows\SYSTEM32\dhcpcsvc.DLL
0x00007ffc55280000 - 0x00007ffc55283000 	C:\windows\SYSTEM32\icmp.Dll
0x00007ffc58c20000 - 0x00007ffc58c2a000 	C:\windows\SYSTEM32\kernel.appcore.dll
0x00007ffc59ca0000 - 0x00007ffc59caa000 	C:\windows\SYSTEM32\CRYPTBASE.dll

VM Arguments:
jvm_args: -Xss512k -XX:PermSize=32m -Xms64m -XX:NewRatio=3 -XX:MaxPermSize=128m -Xmx196m -XX:MaxDirectMemorySize=2147400000 -Dsun.java2d.noddraw=true -Dsun.awt.nopixfmt=true -Xshare:off -Xrs -Dsun.awt.disableMixing=true -Djava.library.path=C:\Program Files\MATLAB\R2012a\bin\win64 vfprintf abort 
java_command: <unknown>
Launcher Type: generic

Environment Variables:
PATH=C:\windows\system32;C:\windows;C:\windows\System32\Wbem;C:\windows\System32\WindowsPowerShell\v1.0\;C:\Program Files (x86)\Skype\Phone\;C:\Program Files (x86)\QuickTime\QTSystem\;C:\Program Files\MATLAB\R2012a\runtime\win64;C:\Program Files\MATLAB\R2012a\bin
USERNAME=Tan
OS=Windows_NT
PROCESSOR_IDENTIFIER=Intel64 Family 6 Model 69 Stepping 1, GenuineIntel



---------------  S Y S T E M  ---------------

OS: Windows NT 6.2 Build 9200 

CPU:total 4 (8 cores per cpu, 2 threads per core) family 6 model 69 stepping 1, cmov, cx8, fxsr, mmx, sse, sse2, sse3, ssse3, sse4.1, sse4.2, ht

Memory: 4k page, physical 4097096k(1730932k free), swap 9374916k(3916028k free)

vm_info: Java HotSpot(TM) 64-Bit Server VM (14.3-b01) for windows-amd64 JRE (1.6.0_17-b04), built on Oct 11 2009 00:46:08 by "java_re" with MS VC++ 8.0

time: Sun May 03 20:41:20 2015
elapsed time: 3679 seconds

